Flow report for dds_and_nios_lab
Fri Jun 23 12:58:06 2023
Quartus Prime Version 16.1.2 Build 203 01/18/2017 SJ Lite Edition


---------------------
; Table of Contents ;
---------------------
  1. Legal Notice
  2. Flow Summary
  3. Flow Settings
  4. Flow Non-Default Global Settings
  5. Flow Elapsed Time
  6. Flow OS Summary
  7. Flow Log
  8. Flow Messages
  9. Flow Suppressed Messages



----------------
; Legal Notice ;
----------------
Copyright (C) 2017  Intel Corporation. All rights reserved.
Your use of Intel Corporation's design tools, logic functions 
and other software and tools, and its AMPP partner logic 
functions, and any output files from any of the foregoing 
(including device programming or simulation files), and any 
associated documentation or information are expressly subject 
to the terms and conditions of the Intel Program License 
Subscription Agreement, the Intel Quartus Prime License Agreement,
the Intel MegaCore Function License Agreement, or other 
applicable license agreement, including, without limitation, 
that your use is for the sole purpose of programming logic 
devices manufactured by Intel and sold by Intel or its 
authorized distributors.  Please refer to the applicable 
agreement for further details.



+-------------------------------------------------------------------------------+
; Flow Summary                                                                  ;
+---------------------------------+---------------------------------------------+
; Flow Status                     ; Successful - Fri Jun 23 12:55:29 2023       ;
; Quartus Prime Version           ; 16.1.2 Build 203 01/18/2017 SJ Lite Edition ;
; Revision Name                   ; dds_and_nios_lab                            ;
; Top-level Entity Name           ; dds_and_nios_lab                            ;
; Family                          ; Cyclone V                                   ;
; Device                          ; 5CSEMA5F31C6                                ;
; Timing Models                   ; Final                                       ;
; Logic utilization (in ALMs)     ; 9,746 / 32,070 ( 30 % )                     ;
; Total registers                 ; 13124                                       ;
; Total pins                      ; 241 / 457 ( 53 % )                          ;
; Total virtual pins              ; 0                                           ;
; Total block memory bits         ; 384,536 / 4,065,280 ( 9 % )                 ;
; Total DSP Blocks                ; 3 / 87 ( 3 % )                              ;
; Total HSSI RX PCSs              ; 0                                           ;
; Total HSSI PMA RX Deserializers ; 0                                           ;
; Total HSSI TX PCSs              ; 0                                           ;
; Total HSSI PMA TX Serializers   ; 0                                           ;
; Total PLLs                      ; 2 / 6 ( 33 % )                              ;
; Total DLLs                      ; 0 / 4 ( 0 % )                               ;
+---------------------------------+---------------------------------------------+


+-----------------------------------------+
; Flow Settings                           ;
+-------------------+---------------------+
; Option            ; Setting             ;
+-------------------+---------------------+
; Start date & time ; 06/23/2023 12:38:26 ;
; Main task         ; Compilation         ;
; Revision Name     ; dds_and_nios_lab    ;
+-------------------+---------------------+


+--------------------------------------------------------------------------------------------------------------------------------------------------------------------------------------------------------------------------------------------------------------------------------------------------------------------------------------------------------------------------------------------------------------------------------------------------------+
; Flow Non-Default Global Settings                                                                                                                                                                                                                                                                                                                                                                                                                       ;
+---------------------------------------------------+---------------------------------------------------------------------------------------------------------------------------------------------------------------------------------------------------------------------------------------------------------------------------------------------------------------------------------------------+--------------------+--------------+------------------+
; Assignment Name                                   ; Value                                                                                                                                                                                                                                                                                                                                       ; Default Value      ; Entity Name  ; Section Id       ;
+---------------------------------------------------+---------------------------------------------------------------------------------------------------------------------------------------------------------------------------------------------------------------------------------------------------------------------------------------------------------------------------------------------+--------------------+--------------+------------------+
; ALLOW_POWER_UP_DONT_CARE                          ; Off                                                                                                                                                                                                                                                                                                                                         ; On                 ; --           ; --               ;
; BLOCK_RAM_AND_MLAB_EQUIVALENT_POWER_UP_CONDITIONS ; Care                                                                                                                                                                                                                                                                                                                                        ; Auto               ; --           ; --               ;
; COMPILER_SIGNATURE_ID                             ; 268891674184668.168754910507812                                                                                                                                                                                                                                                                                                             ; --                 ; --           ; --               ;
; ENABLE_IP_DEBUG                                   ; On                                                                                                                                                                                                                                                                                                                                          ; Off                ; --           ; --               ;
; ENABLE_SIGNALTAP                                  ; On                                                                                                                                                                                                                                                                                                                                          ; --                 ; --           ; --               ;
; EXTRACT_VERILOG_STATE_MACHINES                    ; Off                                                                                                                                                                                                                                                                                                                                         ; On                 ; --           ; --               ;
; FITTER_EFFORT                                     ; Standard Fit                                                                                                                                                                                                                                                                                                                                ; Auto Fit           ; --           ; --               ;
; FIT_ONLY_ONE_ATTEMPT                              ; -- (Not supported for targeted family)                                                                                                                                                                                                                                                                                                      ; Off                ; --           ; --               ;
; MAX_CORE_JUNCTION_TEMP                            ; 85                                                                                                                                                                                                                                                                                                                                          ; --                 ; --           ; --               ;
; MIN_CORE_JUNCTION_TEMP                            ; 0                                                                                                                                                                                                                                                                                                                                           ; --                 ; --           ; --               ;
; MISC_FILE                                         ; DE1_SoC_QSYS/synthesis/../DE1_SoC_QSYS.cmp                                                                                                                                                                                                                                                                                                  ; --                 ; --           ; --               ;
; MISC_FILE                                         ; DE1_SoC_QSYS/synthesis/../../DE1_SoC_QSYS.qsys                                                                                                                                                                                                                                                                                              ; --                 ; --           ; --               ;
; NUMBER_OF_INVERTED_REGISTERS_REPORTED             ; 1000                                                                                                                                                                                                                                                                                                                                        ; 100                ; --           ; --               ;
; OPTIMIZE_POWER_DURING_FITTING                     ; Off                                                                                                                                                                                                                                                                                                                                         ; Normal compilation ; --           ; --               ;
; OPTIMIZE_POWER_DURING_SYNTHESIS                   ; Off                                                                                                                                                                                                                                                                                                                                         ; Normal compilation ; --           ; --               ;
; OUTPUT_IO_TIMING_FAR_END_VMEAS                    ; Half Signal Swing                                                                                                                                                                                                                                                                                                                           ; --                 ; --           ; --               ;
; OUTPUT_IO_TIMING_FAR_END_VMEAS                    ; Half Signal Swing                                                                                                                                                                                                                                                                                                                           ; --                 ; --           ; --               ;
; OUTPUT_IO_TIMING_NEAR_END_VMEAS                   ; Half Vccio                                                                                                                                                                                                                                                                                                                                  ; --                 ; --           ; --               ;
; OUTPUT_IO_TIMING_NEAR_END_VMEAS                   ; Half Vccio                                                                                                                                                                                                                                                                                                                                  ; --                 ; --           ; --               ;
; PARTITION_COLOR                                   ; -- (Not supported for targeted family)                                                                                                                                                                                                                                                                                                      ; --                 ; --           ; Top              ;
; PARTITION_FITTER_PRESERVATION_LEVEL               ; -- (Not supported for targeted family)                                                                                                                                                                                                                                                                                                      ; --                 ; --           ; Top              ;
; PARTITION_NETLIST_TYPE                            ; -- (Not supported for targeted family)                                                                                                                                                                                                                                                                                                      ; --                 ; --           ; Top              ;
; PHYSICAL_SYNTHESIS_EFFORT                         ; Fast                                                                                                                                                                                                                                                                                                                                        ; Normal             ; --           ; --               ;
; PHYSICAL_SYNTHESIS_REGISTER_RETIMING              ; On                                                                                                                                                                                                                                                                                                                                          ; Off                ; --           ; --               ;
; POWER_BOARD_THERMAL_MODEL                         ; None (CONSERVATIVE)                                                                                                                                                                                                                                                                                                                         ; --                 ; --           ; --               ;
; POWER_PRESET_COOLING_SOLUTION                     ; 23 MM HEAT SINK WITH 200 LFPM AIRFLOW                                                                                                                                                                                                                                                                                                       ; --                 ; --           ; --               ;
; SAVE_DISK_SPACE                                   ; Off                                                                                                                                                                                                                                                                                                                                         ; On                 ; --           ; --               ;
; SLD_FILE                                          ; DE1_SoC_QSYS/synthesis/DE1_SoC_QSYS.regmap                                                                                                                                                                                                                                                                                                  ; --                 ; --           ; --               ;
; SLD_FILE                                          ; DE1_SoC_QSYS/synthesis/DE1_SoC_QSYS.debuginfo                                                                                                                                                                                                                                                                                               ; --                 ; --           ; --               ;
; SLD_FILE                                          ; db/stp1_auto_stripped.stp                                                                                                                                                                                                                                                                                                                   ; --                 ; --           ; --               ;
; SLD_INFO                                          ; QSYS_NAME DE1_SoC_QSYS HAS_SOPCINFO 1 GENERATION_ID 1687500166                                                                                                                                                                                                                                                                              ; --                 ; DE1_SoC_QSYS ; --               ;
; SLD_NODE_CREATOR_ID                               ; 110                                                                                                                                                                                                                                                                                                                                         ; --                 ; --           ; LFSR_sig         ;
; SLD_NODE_CREATOR_ID                               ; 110                                                                                                                                                                                                                                                                                                                                         ; --                 ; --           ; auto_signaltap_4 ;
; SLD_NODE_ENTITY_NAME                              ; sld_signaltap                                                                                                                                                                                                                                                                                                                               ; --                 ; --           ; LFSR_sig         ;
; SLD_NODE_ENTITY_NAME                              ; sld_signaltap                                                                                                                                                                                                                                                                                                                               ; --                 ; --           ; auto_signaltap_4 ;
; SLD_NODE_PARAMETER_ASSIGNMENT                     ; SLD_RAM_BLOCK_TYPE=AUTO                                                                                                                                                                                                                                                                                                                     ; --                 ; --           ; LFSR_sig         ;
; SLD_NODE_PARAMETER_ASSIGNMENT                     ; SLD_DATA_BITS=11                                                                                                                                                                                                                                                                                                                            ; --                 ; --           ; LFSR_sig         ;
; SLD_NODE_PARAMETER_ASSIGNMENT                     ; SLD_TRIGGER_BITS=11                                                                                                                                                                                                                                                                                                                         ; --                 ; --           ; LFSR_sig         ;
; SLD_NODE_PARAMETER_ASSIGNMENT                     ; SLD_STORAGE_QUALIFIER_BITS=11                                                                                                                                                                                                                                                                                                               ; --                 ; --           ; LFSR_sig         ;
; SLD_NODE_PARAMETER_ASSIGNMENT                     ; SLD_NODE_INFO=805334531                                                                                                                                                                                                                                                                                                                     ; --                 ; --           ; LFSR_sig         ;
; SLD_NODE_PARAMETER_ASSIGNMENT                     ; SLD_POWER_UP_TRIGGER=0                                                                                                                                                                                                                                                                                                                      ; --                 ; --           ; LFSR_sig         ;
; SLD_NODE_PARAMETER_ASSIGNMENT                     ; SLD_INVERSION_MASK=0000000000000000000000000000000000000000000000000000000000000                                                                                                                                                                                                                                                            ; --                 ; --           ; LFSR_sig         ;
; SLD_NODE_PARAMETER_ASSIGNMENT                     ; SLD_INVERSION_MASK_LENGTH=61                                                                                                                                                                                                                                                                                                                ; --                 ; --           ; LFSR_sig         ;
; SLD_NODE_PARAMETER_ASSIGNMENT                     ; SLD_STORAGE_QUALIFIER_INVERSION_MASK_LENGTH=0                                                                                                                                                                                                                                                                                               ; --                 ; --           ; LFSR_sig         ;
; SLD_NODE_PARAMETER_ASSIGNMENT                     ; SLD_SEGMENT_SIZE=16384                                                                                                                                                                                                                                                                                                                      ; --                 ; --           ; LFSR_sig         ;
; SLD_NODE_PARAMETER_ASSIGNMENT                     ; SLD_ATTRIBUTE_MEM_MODE=OFF                                                                                                                                                                                                                                                                                                                  ; --                 ; --           ; LFSR_sig         ;
; SLD_NODE_PARAMETER_ASSIGNMENT                     ; SLD_STATE_FLOW_USE_GENERATED=0                                                                                                                                                                                                                                                                                                              ; --                 ; --           ; LFSR_sig         ;
; SLD_NODE_PARAMETER_ASSIGNMENT                     ; SLD_STATE_BITS=11                                                                                                                                                                                                                                                                                                                           ; --                 ; --           ; LFSR_sig         ;
; SLD_NODE_PARAMETER_ASSIGNMENT                     ; SLD_BUFFER_FULL_STOP=1                                                                                                                                                                                                                                                                                                                      ; --                 ; --           ; LFSR_sig         ;
; SLD_NODE_PARAMETER_ASSIGNMENT                     ; SLD_CURRENT_RESOURCE_WIDTH=1                                                                                                                                                                                                                                                                                                                ; --                 ; --           ; LFSR_sig         ;
; SLD_NODE_PARAMETER_ASSIGNMENT                     ; SLD_INCREMENTAL_ROUTING=1                                                                                                                                                                                                                                                                                                                   ; --                 ; --           ; LFSR_sig         ;
; SLD_NODE_PARAMETER_ASSIGNMENT                     ; SLD_TRIGGER_LEVEL=1                                                                                                                                                                                                                                                                                                                         ; --                 ; --           ; LFSR_sig         ;
; SLD_NODE_PARAMETER_ASSIGNMENT                     ; SLD_SAMPLE_DEPTH=16384                                                                                                                                                                                                                                                                                                                      ; --                 ; --           ; LFSR_sig         ;
; SLD_NODE_PARAMETER_ASSIGNMENT                     ; SLD_TRIGGER_IN_ENABLED=0                                                                                                                                                                                                                                                                                                                    ; --                 ; --           ; LFSR_sig         ;
; SLD_NODE_PARAMETER_ASSIGNMENT                     ; SLD_TRIGGER_PIPELINE=0                                                                                                                                                                                                                                                                                                                      ; --                 ; --           ; LFSR_sig         ;
; SLD_NODE_PARAMETER_ASSIGNMENT                     ; SLD_RAM_PIPELINE=1                                                                                                                                                                                                                                                                                                                          ; --                 ; --           ; LFSR_sig         ;
; SLD_NODE_PARAMETER_ASSIGNMENT                     ; SLD_COUNTER_PIPELINE=0                                                                                                                                                                                                                                                                                                                      ; --                 ; --           ; LFSR_sig         ;
; SLD_NODE_PARAMETER_ASSIGNMENT                     ; SLD_ADVANCED_TRIGGER_ENTITY=basic,1,                                                                                                                                                                                                                                                                                                        ; --                 ; --           ; LFSR_sig         ;
; SLD_NODE_PARAMETER_ASSIGNMENT                     ; SLD_TRIGGER_LEVEL_PIPELINE=1                                                                                                                                                                                                                                                                                                                ; --                 ; --           ; LFSR_sig         ;
; SLD_NODE_PARAMETER_ASSIGNMENT                     ; SLD_ENABLE_ADVANCED_TRIGGER=0                                                                                                                                                                                                                                                                                                               ; --                 ; --           ; LFSR_sig         ;
; SLD_NODE_PARAMETER_ASSIGNMENT                     ; SLD_RAM_BLOCK_TYPE=AUTO                                                                                                                                                                                                                                                                                                                     ; --                 ; --           ; auto_signaltap_4 ;
; SLD_NODE_PARAMETER_ASSIGNMENT                     ; SLD_NODE_INFO=805334532                                                                                                                                                                                                                                                                                                                     ; --                 ; --           ; auto_signaltap_4 ;
; SLD_NODE_PARAMETER_ASSIGNMENT                     ; SLD_POWER_UP_TRIGGER=0                                                                                                                                                                                                                                                                                                                      ; --                 ; --           ; auto_signaltap_4 ;
; SLD_NODE_PARAMETER_ASSIGNMENT                     ; SLD_STORAGE_QUALIFIER_INVERSION_MASK_LENGTH=0                                                                                                                                                                                                                                                                                               ; --                 ; --           ; auto_signaltap_4 ;
; SLD_NODE_PARAMETER_ASSIGNMENT                     ; SLD_SEGMENT_SIZE=128                                                                                                                                                                                                                                                                                                                        ; --                 ; --           ; auto_signaltap_4 ;
; SLD_NODE_PARAMETER_ASSIGNMENT                     ; SLD_ATTRIBUTE_MEM_MODE=OFF                                                                                                                                                                                                                                                                                                                  ; --                 ; --           ; auto_signaltap_4 ;
; SLD_NODE_PARAMETER_ASSIGNMENT                     ; SLD_STATE_FLOW_USE_GENERATED=0                                                                                                                                                                                                                                                                                                              ; --                 ; --           ; auto_signaltap_4 ;
; SLD_NODE_PARAMETER_ASSIGNMENT                     ; SLD_STATE_BITS=11                                                                                                                                                                                                                                                                                                                           ; --                 ; --           ; auto_signaltap_4 ;
; SLD_NODE_PARAMETER_ASSIGNMENT                     ; SLD_BUFFER_FULL_STOP=1                                                                                                                                                                                                                                                                                                                      ; --                 ; --           ; auto_signaltap_4 ;
; SLD_NODE_PARAMETER_ASSIGNMENT                     ; SLD_CURRENT_RESOURCE_WIDTH=1                                                                                                                                                                                                                                                                                                                ; --                 ; --           ; auto_signaltap_4 ;
; SLD_NODE_PARAMETER_ASSIGNMENT                     ; SLD_INCREMENTAL_ROUTING=1                                                                                                                                                                                                                                                                                                                   ; --                 ; --           ; auto_signaltap_4 ;
; SLD_NODE_PARAMETER_ASSIGNMENT                     ; SLD_TRIGGER_LEVEL=1                                                                                                                                                                                                                                                                                                                         ; --                 ; --           ; auto_signaltap_4 ;
; SLD_NODE_PARAMETER_ASSIGNMENT                     ; SLD_SAMPLE_DEPTH=128                                                                                                                                                                                                                                                                                                                        ; --                 ; --           ; auto_signaltap_4 ;
; SLD_NODE_PARAMETER_ASSIGNMENT                     ; SLD_TRIGGER_IN_ENABLED=0                                                                                                                                                                                                                                                                                                                    ; --                 ; --           ; auto_signaltap_4 ;
; SLD_NODE_PARAMETER_ASSIGNMENT                     ; SLD_TRIGGER_PIPELINE=0                                                                                                                                                                                                                                                                                                                      ; --                 ; --           ; auto_signaltap_4 ;
; SLD_NODE_PARAMETER_ASSIGNMENT                     ; SLD_RAM_PIPELINE=0                                                                                                                                                                                                                                                                                                                          ; --                 ; --           ; auto_signaltap_4 ;
; SLD_NODE_PARAMETER_ASSIGNMENT                     ; SLD_COUNTER_PIPELINE=0                                                                                                                                                                                                                                                                                                                      ; --                 ; --           ; auto_signaltap_4 ;
; SLD_NODE_PARAMETER_ASSIGNMENT                     ; SLD_ADVANCED_TRIGGER_ENTITY=basic,1,                                                                                                                                                                                                                                                                                                        ; --                 ; --           ; auto_signaltap_4 ;
; SLD_NODE_PARAMETER_ASSIGNMENT                     ; SLD_TRIGGER_LEVEL_PIPELINE=1                                                                                                                                                                                                                                                                                                                ; --                 ; --           ; auto_signaltap_4 ;
; SLD_NODE_PARAMETER_ASSIGNMENT                     ; SLD_ENABLE_ADVANCED_TRIGGER=0                                                                                                                                                                                                                                                                                                               ; --                 ; --           ; auto_signaltap_4 ;
; SLD_NODE_PARAMETER_ASSIGNMENT                     ; SLD_DATA_BITS=97                                                                                                                                                                                                                                                                                                                            ; --                 ; --           ; auto_signaltap_4 ;
; SLD_NODE_PARAMETER_ASSIGNMENT                     ; SLD_TRIGGER_BITS=97                                                                                                                                                                                                                                                                                                                         ; --                 ; --           ; auto_signaltap_4 ;
; SLD_NODE_PARAMETER_ASSIGNMENT                     ; SLD_STORAGE_QUALIFIER_BITS=97                                                                                                                                                                                                                                                                                                               ; --                 ; --           ; auto_signaltap_4 ;
; SLD_NODE_PARAMETER_ASSIGNMENT                     ; SLD_INVERSION_MASK=000000000000000000000000000000000000000000000000000000000000000000000000000000000000000000000000000000000000000000000000000000000000000000000000000000000000000000000000000000000000000000000000000000000000000000000000000000000000000000000000000000000000000000000000000000000000000000000000000000000000000000000000 ; --                 ; --           ; auto_signaltap_4 ;
; SLD_NODE_PARAMETER_ASSIGNMENT                     ; SLD_INVERSION_MASK_LENGTH=312                                                                                                                                                                                                                                                                                                               ; --                 ; --           ; auto_signaltap_4 ;
; SOPCINFO_FILE                                     ; DE1_SoC_QSYS/synthesis/../../DE1_SoC_QSYS.sopcinfo                                                                                                                                                                                                                                                                                          ; --                 ; --           ; --               ;
; SYNTHESIS_ONLY_QIP                                ; On                                                                                                                                                                                                                                                                                                                                          ; --                 ; --           ; --               ;
; SYNTH_PROTECT_SDC_CONSTRAINT                      ; On                                                                                                                                                                                                                                                                                                                                          ; Off                ; --           ; --               ;
; USE_SIGNALTAP_FILE                                ; stp1.stp                                                                                                                                                                                                                                                                                                                                    ; --                 ; --           ; --               ;
; VERILOG_INPUT_VERSION                             ; SystemVerilog_2005                                                                                                                                                                                                                                                                                                                          ; Verilog_2001       ; --           ; --               ;
; VERILOG_MACRO                                     ; SOFTWARE_IS_QUARTUS=<None>                                                                                                                                                                                                                                                                                                                  ; --                 ; --           ; --               ;
; VERILOG_NON_CONSTANT_LOOP_LIMIT                   ; 5000                                                                                                                                                                                                                                                                                                                                        ; 250                ; --           ; --               ;
; VERILOG_SHOW_LMF_MAPPING_MESSAGES                 ; Off                                                                                                                                                                                                                                                                                                                                         ; --                 ; --           ; --               ;
+---------------------------------------------------+---------------------------------------------------------------------------------------------------------------------------------------------------------------------------------------------------------------------------------------------------------------------------------------------------------------------------------------------+--------------------+--------------+------------------+


+-------------------------------------------------------------------------------------------------------------------------------+
; Flow Elapsed Time                                                                                                             ;
+---------------------------+--------------+-------------------------+---------------------+------------------------------------+
; Module Name               ; Elapsed Time ; Average Processors Used ; Peak Virtual Memory ; Total CPU Time (on all processors) ;
+---------------------------+--------------+-------------------------+---------------------+------------------------------------+
; Analysis & Synthesis      ; 00:03:01     ; 1.3                     ; 1267 MB             ; 00:02:29                           ;
; Fitter                    ; 00:12:29     ; 1.1                     ; 3188 MB             ; 00:17:43                           ;
; Assembler                 ; 00:00:30     ; 1.0                     ; 932 MB              ; 00:00:22                           ;
; TimeQuest Timing Analyzer ; 00:02:35     ; 1.3                     ; 1541 MB             ; 00:03:07                           ;
; Total                     ; 00:18:35     ; --                      ; --                  ; 00:23:41                           ;
+---------------------------+--------------+-------------------------+---------------------+------------------------------------+


+-----------------------------------------------------------------------------------------+
; Flow OS Summary                                                                         ;
+---------------------------+------------------+------------+------------+----------------+
; Module Name               ; Machine Hostname ; OS Name    ; OS Version ; Processor type ;
+---------------------------+------------------+------------+------------+----------------+
; Analysis & Synthesis      ; m4002-pc38       ; Windows 10 ; 10.0       ; x86_64         ;
; Fitter                    ; m4002-pc38       ; Windows 10 ; 10.0       ; x86_64         ;
; Assembler                 ; m4002-pc38       ; Windows 10 ; 10.0       ; x86_64         ;
; TimeQuest Timing Analyzer ; m4002-pc38       ; Windows 10 ; 10.0       ; x86_64         ;
+---------------------------+------------------+------------+------------+----------------+


------------
; Flow Log ;
------------
quartus_map --read_settings_files=on --write_settings_files=off dds_and_nios_lab -c dds_and_nios_lab
quartus_fit --read_settings_files=off --write_settings_files=off dds_and_nios_lab -c dds_and_nios_lab
quartus_asm --read_settings_files=off --write_settings_files=off dds_and_nios_lab -c dds_and_nios_lab
quartus_sta dds_and_nios_lab -c dds_and_nios_lab



